Determining if the pthread_create exist failed with the following output:
Change Dir: /home/LOCAL.ISIMA.FR/maauzannea/Documents/ZZ3/CPP/TP2/tp_2/build/CMakeFiles/CMakeTmp

Run Build Command:"/usr/bin/gmake" "cmTC_15a83/fast"
/usr/bin/gmake -f CMakeFiles/cmTC_15a83.dir/build.make CMakeFiles/cmTC_15a83.dir/build
gmake[1] : on entre dans le répertoire « /home/LOCAL.ISIMA.FR/maauzannea/Documents/ZZ3/CPP/TP2/tp_2/build/CMakeFiles/CMakeTmp »
Building C object CMakeFiles/cmTC_15a83.dir/CheckSymbolExists.c.o
/usr/lib64/ccache/cc    -o CMakeFiles/cmTC_15a83.dir/CheckSymbolExists.c.o   -c /home/LOCAL.ISIMA.FR/maauzannea/Documents/ZZ3/CPP/TP2/tp_2/build/CMakeFiles/CMakeTmp/CheckSymbolExists.c
Linking C executable cmTC_15a83
/usr/bin/cmake -E cmake_link_script CMakeFiles/cmTC_15a83.dir/link.txt --verbose=1
/usr/lib64/ccache/cc      -rdynamic CMakeFiles/cmTC_15a83.dir/CheckSymbolExists.c.o  -o cmTC_15a83 
CMakeFiles/cmTC_15a83.dir/CheckSymbolExists.c.o : Dans la fonction « main » :
CheckSymbolExists.c:(.text+0x16) : référence indéfinie vers « pthread_create »
collect2: erreur : ld a retourné 1 code d'état d'exécution
CMakeFiles/cmTC_15a83.dir/build.make:97 : la recette pour la cible « cmTC_15a83 » a échouée
gmake[1]: *** [cmTC_15a83] Erreur 1
gmake[1] : on quitte le répertoire « /home/LOCAL.ISIMA.FR/maauzannea/Documents/ZZ3/CPP/TP2/tp_2/build/CMakeFiles/CMakeTmp »
Makefile:126 : la recette pour la cible « cmTC_15a83/fast » a échouée
gmake: *** [cmTC_15a83/fast] Erreur 2

File /home/LOCAL.ISIMA.FR/maauzannea/Documents/ZZ3/CPP/TP2/tp_2/build/CMakeFiles/CMakeTmp/CheckSymbolExists.c:
/* */
#include <pthread.h>

int main(int argc, char** argv)
{
  (void)argv;
#ifndef pthread_create
  return ((int*)(&pthread_create))[argc];
#else
  (void)argc;
  return 0;
#endif
}

Determining if the function pthread_create exists in the pthreads failed with the following output:
Change Dir: /home/LOCAL.ISIMA.FR/maauzannea/Documents/ZZ3/CPP/TP2/tp_2/build/CMakeFiles/CMakeTmp

Run Build Command:"/usr/bin/gmake" "cmTC_88d3c/fast"
/usr/bin/gmake -f CMakeFiles/cmTC_88d3c.dir/build.make CMakeFiles/cmTC_88d3c.dir/build
gmake[1] : on entre dans le répertoire « /home/LOCAL.ISIMA.FR/maauzannea/Documents/ZZ3/CPP/TP2/tp_2/build/CMakeFiles/CMakeTmp »
Building C object CMakeFiles/cmTC_88d3c.dir/CheckFunctionExists.c.o
/usr/lib64/ccache/cc   -DCHECK_FUNCTION_EXISTS=pthread_create   -o CMakeFiles/cmTC_88d3c.dir/CheckFunctionExists.c.o   -c /usr/share/cmake/Modules/CheckFunctionExists.c
Linking C executable cmTC_88d3c
/usr/bin/cmake -E cmake_link_script CMakeFiles/cmTC_88d3c.dir/link.txt --verbose=1
/usr/lib64/ccache/cc  -DCHECK_FUNCTION_EXISTS=pthread_create    -rdynamic CMakeFiles/cmTC_88d3c.dir/CheckFunctionExists.c.o  -o cmTC_88d3c -lpthreads 
/usr/bin/ld : ne peut trouver -lpthreads
collect2: erreur : ld a retourné 1 code d'état d'exécution
CMakeFiles/cmTC_88d3c.dir/build.make:97 : la recette pour la cible « cmTC_88d3c » a échouée
gmake[1]: *** [cmTC_88d3c] Erreur 1
gmake[1] : on quitte le répertoire « /home/LOCAL.ISIMA.FR/maauzannea/Documents/ZZ3/CPP/TP2/tp_2/build/CMakeFiles/CMakeTmp »
Makefile:126 : la recette pour la cible « cmTC_88d3c/fast » a échouée
gmake: *** [cmTC_88d3c/fast] Erreur 2


